-200.0
-200.0
-200.0
-200.0
-200.0
-200.0
-200.0
-200.0
-200.0
-200.0
-200.0
-200.0
-200.0
-200.0
-200.0
-200.0
-200.0
-200.0
-200.0
-200.0
-200.0
-200.0
-200.0
-200.0
-200.0
-200.0
-200.0
-200.0
-200.0
-200.0
-200.0
-200.0
-200.0
-200.0
-200.0
-200.0
-200.0
-200.0
-200.0
-200.0
-200.0
-200.0
-200.0
-200.0
-200.0
-200.0
-200.0
-200.0
-200.0
-200.0
-200.0
-200.0
-200.0
-200.0
-200.0
-200.0
-200.0
-200.0
-200.0
-200.0
-200.0
-200.0
-200.0
-200.0
-200.0
-200.0
-200.0
-200.0
-200.0
-200.0
-200.0
-200.0
-200.0
-200.0
-200.0
-200.0
-200.0
-200.0
-200.0
-200.0
-200.0
-200.0
-200.0
-200.0
-200.0
-200.0
-200.0
-200.0
-200.0
-200.0
-200.0
-200.0
-200.0
-200.0
-200.0
-200.0
-200.0
-200.0
-200.0
-200.0
-200.0
-200.0
-200.0
-200.0
-200.0
-200.0
-200.0
-200.0
-200.0
-200.0
-200.0
-200.0
-200.0
-200.0
-200.0
-200.0
-200.0
-200.0
-200.0
-200.0
-200.0
-200.0
-200.0
-200.0
-200.0
-200.0
-200.0
-200.0
-200.0
-200.0
-200.0
-200.0
-200.0
-200.0
-200.0
-200.0
-200.0
-200.0
-200.0
-200.0
-200.0
-200.0
-200.0
-200.0
-200.0
-200.0
-200.0
-200.0
-200.0
-200.0
-200.0
-200.0
-200.0
-200.0
-200.0
-200.0
-200.0
-200.0
-200.0
-200.0
-200.0
-200.0
-200.0
-200.0
-200.0
-200.0
-200.0
-200.0
-200.0
-200.0
-200.0
-200.0
-200.0
-200.0
-200.0
-200.0
-200.0
-200.0
-200.0
-200.0
-200.0
-200.0
-200.0
-200.0
-200.0
-200.0
-200.0
-200.0
-200.0
-200.0
-200.0
-200.0
-200.0
-200.0
-200.0
-200.0
-200.0
-200.0
-200.0
-200.0
-200.0
-200.0
-200.0
-200.0
-200.0
-200.0
-200.0
-200.0
-200.0
-200.0
-200.0
-200.0
-200.0
-200.0
-200.0
-200.0
-200.0
-200.0
-200.0
-200.0
-200.0
-200.0
-200.0
-200.0
-200.0
-200.0
-200.0
-200.0
-200.0
-200.0
-200.0
-200.0
-200.0
-200.0
-200.0
-200.0
-200.0
-200.0
-200.0
-200.0
-200.0
-200.0
-200.0
-200.0
-200.0
-200.0
-200.0
-200.0
-200.0
-200.0
-200.0
-200.0
-200.0
-200.0
-200.0
-200.0
-200.0
-200.0
-200.0
-200.0
-200.0
-200.0
-200.0
-200.0
-200.0
-200.0
-200.0
-200.0
-200.0
-200.0
-200.0
-200.0
-200.0
-200.0
-200.0
-200.0
-200.0
-200.0
-200.0
-200.0
-200.0
-200.0
-200.0
-200.0
-200.0
-200.0
-200.0
-200.0
-200.0
-200.0
-200.0
-200.0
-200.0
-200.0
-200.0
-200.0
-200.0
-200.0
-200.0
-200.0
-200.0
-200.0
-200.0
-200.0
-200.0
-200.0
-200.0
-200.0
-200.0
-200.0
-200.0
-200.0
-200.0
-200.0
-200.0
-200.0
-200.0
-200.0
-200.0
-200.0
-200.0
-200.0
-200.0
-200.0
-200.0
-200.0
-200.0
-200.0
-200.0
-200.0
-200.0
-200.0
-200.0
-200.0
-200.0
-200.0
-200.0
-200.0
-200.0
-200.0
-200.0
-200.0
-200.0
-200.0
-200.0
-200.0
-200.0
-200.0
-200.0
-200.0
-200.0
-200.0
-200.0
-200.0
-200.0
-200.0
-200.0
-200.0
-200.0
-200.0
-200.0
-200.0
-200.0
-200.0
-200.0
-200.0
-200.0
-200.0
-200.0
-200.0
-200.0
-200.0
-200.0
-200.0
-200.0
-200.0
-200.0
-200.0
-200.0
-200.0
-200.0
-200.0
-200.0
-200.0
-200.0
-200.0
-200.0
-200.0
-200.0
-200.0
-200.0
-200.0
-200.0
-200.0
-200.0
-200.0
-200.0
-200.0
-200.0
-200.0
-200.0
-200.0
-200.0
-200.0
-200.0
-200.0
-200.0
-200.0
-200.0
-200.0
-200.0
-200.0
-200.0
-200.0
-200.0
-200.0
-200.0
-200.0
-200.0
-200.0
-200.0
-200.0
-200.0
-200.0
-200.0
-200.0
-200.0
-200.0
-200.0
-200.0
-200.0
-200.0
-200.0
-200.0
-200.0
-200.0
-200.0
-200.0
-200.0
-200.0
-200.0
-200.0
-200.0
-200.0
-200.0
-200.0
-200.0
-200.0
-200.0
-200.0
-200.0
-200.0
-200.0
-200.0
-200.0
-200.0
-200.0
-200.0
-200.0
-200.0
-200.0
-200.0
-200.0
-200.0
-200.0
-200.0
-200.0
-200.0
-200.0
-200.0
-200.0
-200.0
-200.0
-200.0
-200.0
-200.0
-200.0
-200.0
-200.0
-200.0
-200.0
-200.0
-200.0
-200.0
-200.0
-200.0
-200.0
-200.0
-200.0
-200.0
-200.0
-200.0
-200.0
-200.0
-200.0
-200.0
-200.0
-200.0
-200.0
-200.0
-200.0
-200.0
-200.0
-200.0
-200.0
-200.0
-200.0
-200.0
-200.0
-200.0
-200.0
-200.0
-200.0
-200.0
-200.0
-200.0
-200.0
-200.0
-200.0
-200.0
-200.0
-200.0
-200.0
-200.0
-200.0
-200.0
-200.0
-200.0
-200.0
-200.0
-200.0
-200.0
-200.0
-200.0
-200.0
-200.0
-200.0
-200.0
-200.0
-200.0
-200.0
-200.0
-200.0
-200.0
-200.0
-200.0
-200.0
-200.0
-200.0
-200.0
-200.0
-200.0
-200.0
-200.0
-200.0
-200.0
-200.0
-200.0
-200.0
-200.0
-200.0
-200.0
-200.0
-200.0
-200.0
-200.0
-200.0
-200.0
-200.0
-200.0
-200.0
-200.0
-200.0
-200.0
-200.0
-200.0
-200.0
-200.0
-200.0
-200.0
-200.0
-200.0
-200.0
-200.0
-200.0
-200.0
-200.0
-200.0
-200.0
-200.0
-200.0
-200.0
-200.0
-200.0
-200.0
-200.0
-200.0
-200.0
-200.0
-200.0
-200.0
-200.0
-200.0
-200.0
-200.0
-200.0
-200.0
-200.0
-200.0
-200.0
-200.0
-200.0
-200.0
-200.0
-200.0
-200.0
-200.0
-200.0
-200.0
-200.0
-200.0
-200.0
-200.0
-200.0
-200.0
-200.0
-200.0
-200.0
-200.0
-200.0
-200.0
-200.0
-200.0
-200.0
-200.0
-200.0
-200.0
-200.0
-200.0
-200.0
-200.0
-200.0
-200.0
-200.0
-200.0
-200.0
-200.0
-200.0
-200.0
-200.0
-200.0
-200.0
-200.0
-200.0
-200.0
-200.0
-200.0
-200.0
-200.0
-200.0
-200.0
-200.0
-200.0
-200.0
-200.0
-200.0
-200.0
-200.0
-200.0
-200.0
-200.0
-200.0
-200.0
-200.0
-200.0
-200.0
-200.0
-200.0
-200.0
-200.0
-200.0
-200.0
-200.0
-200.0
-200.0
-200.0
-200.0
-200.0
-200.0
-200.0
-200.0
-200.0
-200.0
-200.0
-200.0
-200.0
-200.0
-200.0
-200.0
-200.0
-200.0
-200.0
-200.0
-200.0
-200.0
-200.0
-200.0
-200.0
-200.0
-200.0
-200.0
-200.0
-200.0
-200.0
-200.0
-200.0
-200.0
-200.0
-200.0
-200.0
-200.0
-200.0
-200.0
-200.0
-200.0
-200.0
-200.0
-200.0
-200.0
-200.0
-200.0
-200.0
-200.0
-200.0
-200.0
-200.0
-200.0
-200.0
-200.0
-200.0
-200.0
-200.0
-200.0
-200.0
-200.0
-200.0
-200.0
-200.0
-200.0
-200.0
-200.0
-200.0
-200.0
-200.0
-200.0
-200.0
-200.0
-200.0
-200.0
-200.0
-200.0
-200.0
-200.0
-200.0
-200.0
-200.0
-200.0
-200.0
-200.0
-200.0
-200.0
-200.0
-200.0
-200.0
-200.0
-200.0
-200.0
-200.0
-200.0
-200.0
-200.0
-200.0
-200.0
-200.0
-200.0
-200.0
-200.0
-200.0
-200.0
-200.0
-200.0
-200.0
-200.0
-200.0
-200.0
-200.0
-200.0
-200.0
-200.0
-200.0
-200.0
-200.0
-200.0
-200.0
-200.0
-200.0
-200.0
-200.0
-200.0
-200.0
-200.0
-200.0
-200.0
-200.0
-200.0
-200.0
-200.0
-200.0
-200.0
-200.0
-200.0
-200.0
-200.0
-200.0
-200.0
-200.0
-200.0
-200.0
-200.0
-200.0
-200.0
-200.0
-200.0
-200.0
-200.0
-200.0
-200.0
-200.0
-200.0
-200.0
-200.0
-200.0
-200.0
-200.0
-200.0
-200.0
-200.0
-200.0
-200.0
-200.0
-200.0
-200.0
-200.0
-200.0
-200.0
-200.0
-200.0
-200.0
-200.0
-200.0
-200.0
-200.0
-200.0
-200.0
-200.0
-200.0
-200.0
-200.0
-200.0
-200.0
-200.0
-200.0
-200.0
-200.0
-200.0
-200.0
-200.0
-200.0
-200.0
-200.0
-200.0
-200.0
-200.0
-200.0
-200.0
-200.0
-200.0
-200.0
-200.0
-200.0
-200.0
-200.0
-200.0
-200.0
-200.0
-200.0
-200.0
-200.0
-200.0
-200.0
-200.0
-200.0
-200.0
-200.0
-200.0
-200.0
-200.0
-200.0
-200.0
-200.0
-200.0
-200.0
-200.0
-200.0
-200.0
-200.0
-200.0
-200.0
-200.0
-200.0
-200.0
-200.0
-200.0
-200.0
-200.0
-200.0
-200.0
-200.0
-200.0
-200.0
-200.0
-200.0
-200.0
-200.0
-200.0
-200.0
-200.0
-200.0
-200.0
-200.0
-200.0
-200.0
-200.0
-200.0
-200.0
-200.0
-200.0
-200.0
-200.0
-200.0
-200.0
-197.0
-194.0
-197.0
-200.0
-200.0
-200.0
-189.0
-187.0
-192.0
-190.0
-192.0
-194.0
-200.0
-200.0
-200.0
-200.0
-200.0
-200.0
-200.0
-200.0
-200.0
-200.0
-200.0
-200.0
-200.0
-200.0
-200.0
-200.0
-200.0
-200.0
-200.0
-200.0
-200.0
-200.0
-200.0
-200.0
-200.0
-200.0
-200.0
-200.0
-200.0
-200.0
-200.0
-200.0
-200.0
-200.0
-200.0
-200.0
-200.0
-200.0
-200.0
-200.0
-200.0
-200.0
-200.0
-155.0
-200.0
-200.0
-200.0
-200.0
-200.0
-200.0
-200.0
-200.0
-200.0
-200.0
-200.0
-200.0
-200.0
-200.0
-200.0
-200.0
-200.0
-200.0
-200.0
-200.0
-184.0
-190.0
-200.0
-194.0
-189.0
-200.0
-195.0
-196.0
-200.0
-200.0
-200.0
-200.0
-200.0
-200.0
-200.0
-200.0
-200.0
-183.0
-187.0
-200.0
-200.0
-200.0
-200.0
-200.0
-200.0
-200.0
-200.0
-200.0
-200.0
-200.0
-200.0
-200.0
-200.0
-183.0
-200.0
-200.0
-200.0
-183.0
-197.0
-200.0
-192.0
-196.0
-200.0
-197.0
-200.0
-200.0
-195.0
-200.0
-190.0
-182.0
-197.0
-200.0
-195.0
-174.0
-187.0
-200.0
-192.0
-190.0
-200.0
-195.0
-195.0
-193.0
-179.0
-176.0
-200.0
-156.0
-184.0
-200.0
-200.0
-200.0
-200.0
-200.0
-200.0
-200.0
-200.0
-200.0
-186.0
-190.0
-195.0
-197.0
-194.0
-184.0
-182.0
-190.0
-190.0
-197.0
-200.0
-200.0
-188.0
-198.0
-198.0
-199.0
-200.0
-200.0
-200.0
-188.0
-196.0
-196.0
-200.0
-200.0
-176.0
-194.0
-192.0
-188.0
-200.0
-200.0
-200.0
-200.0
-193.0
-184.0
-196.0
-198.0
-181.0
-125.0
-200.0
-199.0
-192.0
-194.0
-195.0
-186.0
-190.0
-198.0
-200.0
-190.0
-193.0
-187.0
-174.0
-188.0
-195.0
-200.0
-195.0
-192.0
-200.0
-184.0
-133.0
-163.0
-200.0
-190.0
-195.0
-200.0
-200.0
-197.0
-200.0
-200.0
-200.0
-200.0
-196.0
-190.0
-192.0
-198.0
-200.0
-195.0
-200.0
-197.0
-200.0
-193.0
-200.0
-200.0
-197.0
-181.0
-183.0
-172.0
-194.0
-185.0
-200.0
-195.0
-200.0
-188.0
-124.0
-121.0
-168.0
-188.0
-194.0
-196.0
-200.0
-200.0
-179.0
-184.0
-200.0
-200.0
-189.0
-200.0
-200.0
-196.0
-192.0
-183.0
-169.0
-197.0
-196.0
-196.0
-197.0
-186.0
-200.0
-200.0
-179.0
-196.0
-200.0
-200.0
-200.0
-200.0
-200.0
-200.0
-200.0
-193.0
-196.0
-196.0
-196.0
-192.0
-200.0
-200.0
-183.0
-197.0
-200.0
-198.0
-197.0
-200.0
-195.0
-200.0
-196.0
-200.0
-200.0
-190.0
-198.0
-189.0
-194.0
-184.0
-200.0
-192.0
-126.0
-171.0
-128.0
-183.0
-197.0
-198.0
-196.0
-197.0
-200.0
-188.0
-182.0
-200.0
-200.0
-197.0
-200.0
-200.0
-187.0
-197.0
-194.0
-195.0
-198.0
-196.0
-196.0
-196.0
-187.0
-185.0
-197.0
-200.0
-196.0
-199.0
-198.0
-198.0
-200.0
-198.0
-198.0
-196.0
-200.0
-183.0
-194.0
-196.0
-195.0
-200.0
-196.0
-200.0
-200.0
-192.0
-129.0
-196.0
-197.0
-131.0
-128.0
-180.0
-200.0
-200.0
-191.0
-130.0
-191.0
-200.0
-198.0
-197.0
-200.0
-200.0
-197.0
-200.0
-199.0
-198.0
-190.0
-200.0
-191.0
-195.0
-200.0
-199.0
-194.0
-197.0
-196.0
-184.0
-195.0
-196.0
-195.0
-197.0
-200.0
-200.0
-197.0
-128.0
-185.0
-194.0
-198.0
-196.0
-200.0
-198.0
-195.0
-200.0
-199.0
-197.0
-196.0
-200.0
-200.0
-197.0
-199.0
-190.0
-199.0
-196.0
-200.0
-200.0
-193.0
-196.0
-198.0
-132.0
-195.0
-200.0
-133.0
-184.0
-195.0
-198.0
-200.0
-199.0
-197.0
-200.0
-198.0
-200.0
-193.0
-200.0
-128.0
-195.0
-199.0
-129.0
-189.0
-198.0
-200.0
-194.0
-193.0
-200.0
-182.0
-194.0
-188.0
-194.0
-198.0
-199.0
-196.0
-181.0
-192.0
-198.0
-200.0
-200.0
-199.0
-200.0
-195.0
-198.0
-200.0
-200.0
-196.0
-195.0
-200.0
-195.0
-196.0
-127.0
-181.0
-185.0
-195.0
-200.0
-199.0
-196.0
-123.0
-187.0
-196.0
-199.0
-195.0
-186.0
-199.0
-200.0
-197.0
-199.0
-200.0
-198.0
-200.0
-197.0
-200.0
-193.0
-195.0
-190.0
-200.0
-200.0
-197.0
-199.0
-200.0
-200.0
-196.0
-190.0
-200.0
-200.0
-200.0
-198.0
-132.0
-193.0
-200.0
-200.0
-200.0
-186.0
-192.0
-200.0
-200.0
-200.0
-200.0
-187.0
-122.0
-195.0
-200.0
-200.0
-198.0
-200.0
-195.0
-200.0
-198.0
-200.0
-196.0
-200.0
-126.0
-200.0
-200.0
-121.0
-199.0
-200.0
-192.0
-199.0
-121.0
-197.0
-198.0
-198.0
-198.0
-197.0
-199.0
-199.0
-131.0
-191.0
-200.0
-200.0
-200.0
-122.0
-131.0
-124.0
-198.0
-200.0
-200.0
-197.0
-199.0
-200.0
-195.0
-200.0
-200.0
-192.0
-191.0
-125.0
-200.0
-200.0
-193.0
-200.0
-200.0
-200.0
-196.0
-200.0
-200.0
-200.0
-200.0
-198.0
-199.0
-194.0
-200.0
-200.0
-197.0
-200.0
-199.0
-199.0
-200.0
-200.0
-190.0
-196.0
-200.0
-200.0
-123.0
-192.0
-197.0
-200.0
-200.0
-199.0
-200.0
-127.0
-194.0
-195.0
-200.0
-200.0
-197.0
-200.0
-200.0
-194.0
-199.0
-200.0
-199.0
-200.0
-127.0
-198.0
-199.0
-194.0
-200.0
-200.0
-196.0
-200.0
-123.0
-200.0
-200.0
-199.0
-200.0
-123.0
-200.0
-200.0
-198.0
-199.0
-200.0
-184.0
-200.0
-123.0
-200.0
-200.0
-131.0
-200.0
-200.0
-199.0
-200.0
-197.0
-200.0
-200.0
-200.0
-123.0
-192.0
-200.0
-200.0
-190.0
-200.0
-200.0
-200.0
-191.0
-200.0
-198.0
-200.0
-197.0
-196.0
-200.0
-200.0
-200.0
-195.0
-199.0
-200.0
-190.0
-200.0
-196.0
-199.0
-198.0
-200.0
-128.0
-124.0
-128.0
-124.0
-200.0
-200.0
-200.0
-195.0
-200.0
-200.0
-200.0
-200.0
-200.0
-194.0
-200.0
-200.0
-200.0
-197.0
-200.0
-200.0
-199.0
-200.0
-126.0
-200.0
-198.0
-200.0
-200.0
-200.0
-200.0
-200.0
-200.0
-199.0
-200.0
-200.0
-200.0
-197.0
-200.0
-128.0
-129.0
-200.0
-200.0
-200.0
-200.0
-200.0
-188.0
-194.0
-200.0
-194.0
-200.0
-196.0
-200.0
-196.0
-200.0
-131.0
-197.0
-197.0
-197.0
-123.0
-197.0
-200.0
-199.0
-200.0
-200.0
-200.0
-200.0
-200.0
-192.0
-200.0
-200.0
-200.0
-200.0
-200.0
-200.0
-200.0
-123.0
-200.0
-200.0
-200.0
-199.0
-194.0
-200.0
-196.0
-200.0
-200.0
-200.0
-128.0
-200.0
-200.0
-127.0
-193.0
-200.0
-200.0
-200.0
-196.0
-200.0
-117.0
-198.0
-199.0
-200.0
-197.0
-200.0
-200.0
-200.0
-200.0
-194.0
-197.0
-200.0
-200.0
-200.0
-200.0
-200.0
-126.0
-200.0
-200.0
-129.0
-200.0
-200.0
-198.0
-200.0
-200.0
-200.0
-126.0
-200.0
-200.0
-125.0
-194.0
-200.0
-194.0
-200.0
-196.0
-200.0
-200.0
-200.0
-200.0
-195.0
-197.0
-200.0
-200.0
-191.0
-200.0
-200.0
-200.0
-200.0
-192.0
-200.0
-137.0
-197.0
-200.0
-199.0
-199.0
-200.0
-199.0
-200.0
-123.0
-131.0
-198.0
-200.0
-123.0
-199.0
-200.0
-197.0
-200.0
-198.0
-200.0
-124.0
-200.0
-200.0
-200.0
-122.0
-200.0
-200.0
-200.0
-200.0
-200.0
-200.0
-200.0
-195.0
-199.0
-200.0
-200.0
-126.0
-200.0
-200.0
-200.0
-200.0
-200.0
-200.0
-200.0
-199.0
-200.0
-200.0
-200.0
-192.0
-200.0
-200.0
-200.0
-200.0
-200.0
-200.0
-193.0
-200.0
-200.0
-200.0
-197.0
-200.0
-200.0
-200.0
-149.0
-200.0
-196.0
-200.0
-193.0
-200.0
-200.0
-199.0
-200.0
-200.0
-200.0
-200.0
-125.0
-200.0
-200.0
-200.0
-200.0
-198.0
-200.0
-200.0
-200.0
-193.0
-200.0
-199.0
-198.0
-200.0
-200.0
-198.0
-199.0
-200.0
-200.0
-200.0
-200.0
-200.0
-150.0
-199.0
-200.0
-200.0
-197.0
-200.0
-200.0
-200.0
-126.0
-200.0
-200.0
-198.0
-200.0
-200.0
-200.0
-200.0
-200.0
-197.0
-196.0
-200.0
-200.0
-200.0
-200.0
-200.0
-200.0
-119.0
-200.0
-200.0
-200.0
-200.0
-127.0
-200.0
-200.0
-198.0
-200.0
-200.0
-200.0
-200.0
-200.0
-200.0
-200.0
-200.0
-129.0
-200.0
-200.0
-200.0
-196.0
-200.0
-200.0
-200.0
-200.0
-200.0
-200.0
-200.0
-200.0
-200.0
-200.0
-200.0
-200.0
-200.0
-199.0
-200.0
-200.0
-200.0
-200.0
-200.0
-200.0
-200.0
-200.0
-200.0
-200.0
-200.0
-123.0
-200.0
-200.0
-200.0
-131.0
-200.0
-200.0
-200.0
-200.0
-127.0
-200.0
-200.0
-200.0
-200.0
-200.0
-200.0
-200.0
-197.0
-200.0
-200.0
-200.0
-139.0
-126.0
-200.0
-200.0
-200.0
-200.0
-200.0
-200.0
-200.0
-200.0
-200.0
-198.0
-198.0
-197.0
-200.0
-119.0
-200.0
-200.0
-200.0
-127.0
-200.0
-200.0
-198.0
-198.0
-200.0
-200.0
-200.0
-200.0
-200.0
-200.0
-200.0
-200.0
-200.0
-128.0
-200.0
-200.0
-200.0
-200.0
-192.0
-200.0
-200.0
-200.0
-200.0
-197.0
-200.0
-196.0
-200.0
-199.0
-200.0
-200.0
-200.0
-200.0
-117.0
-200.0